Using pre-set license
Built from '2021.3/staging' branch; Version is '2021.3.16f1 (4016570cf34f) revision 4200023'; Using compiler version '192829333'; Build Type 'Release'
OS: 'Windows 11  (10.0.22623) 64bit CoreSingleLanguage' Language: 'en' Physical Memory: 15734 MB
BatchMode: 1, IsHumanControllingUs: 0, StartBugReporterOnCrash: 0, Is64bit: 1, IsPro: 1

COMMAND LINE ARGUMENTS:
C:\Program Files\Unity 2021.3.16f1\Editor\Unity.exe
-adb2
-batchMode
-noUpm
-name
AssetImportWorker2
-projectPath
C:/Users/namkh/Realm Rush
-logFile
Logs/AssetImportWorker2.log
-srvPort
51393
Successfully changed project path to: C:/Users/namkh/Realm Rush
C:/Users/namkh/Realm Rush
[UnityMemory] Configuration Parameters - Can be set up in boot.config
    "memorysetup-bucket-allocator-granularity=16"
    "memorysetup-bucket-allocator-bucket-count=8"
    "memorysetup-bucket-allocator-block-size=33554432"
    "memorysetup-bucket-allocator-block-count=8"
    "memorysetup-main-allocator-block-size=16777216"
    "memorysetup-thread-allocator-block-size=16777216"
    "memorysetup-gfx-main-allocator-block-size=16777216"
    "memorysetup-gfx-thread-allocator-block-size=16777216"
    "memorysetup-cache-allocator-block-size=4194304"
    "memorysetup-typetree-allocator-block-size=2097152"
    "memorysetup-profiler-bucket-allocator-granularity=16"
    "memorysetup-profiler-bucket-allocator-bucket-count=8"
    "memorysetup-profiler-bucket-allocator-block-size=33554432"
    "memorysetup-profiler-bucket-allocator-block-count=8"
    "memorysetup-profiler-allocator-block-size=16777216"
    "memorysetup-profiler-editor-allocator-block-size=1048576"
    "memorysetup-temp-allocator-size-main=16777216"
    "memorysetup-job-temp-allocator-block-size=2097152"
    "memorysetup-job-temp-allocator-block-size-background=1048576"
    "memorysetup-job-temp-allocator-reduction-small-platforms=262144"
    "memorysetup-temp-allocator-size-background-worker=32768"
    "memorysetup-temp-allocator-size-job-worker=262144"
    "memorysetup-temp-allocator-size-preload-manager=33554432"
    "memorysetup-temp-allocator-size-nav-mesh-worker=65536"
    "memorysetup-temp-allocator-size-audio-worker=65536"
    "memorysetup-temp-allocator-size-cloud-worker=32768"
    "memorysetup-temp-allocator-size-gi-baking-worker=262144"
    "memorysetup-temp-allocator-size-gfx=262144"
Player connection [18068] Host "[IP] 10.35.0.149 [Port] 0 [Flags] 2 [Guid] 2267783100 [EditorId] 2267783100 [Version] 1048832 [Id] WindowsEditor(7,LAPTOP-S4UE536C) [Debug] 1 [PackageName] WindowsEditor [ProjectName] Editor" joined multi-casting on [225.0.0.222:54997]...

Player connection [18068] Host "[IP] 10.35.0.149 [Port] 0 [Flags] 2 [Guid] 2267783100 [EditorId] 2267783100 [Version] 1048832 [Id] WindowsEditor(7,LAPTOP-S4UE536C) [Debug] 1 [PackageName] WindowsEditor [ProjectName] Editor" joined alternative multi-casting on [225.0.0.222:34997]...

Refreshing native plugins compatible for Editor in 72.70 ms, found 3 plugins.
Preloading 0 native plugins for Editor in 0.00 ms.
Initialize engine version: 2021.3.16f1 (4016570cf34f)
[Subsystems] Discovering subsystems at path C:/Program Files/Unity 2021.3.16f1/Editor/Data/Resources/UnitySubsystems
[Subsystems] Discovering subsystems at path C:/Users/namkh/Realm Rush/Assets
GfxDevice: creating device client; threaded=0; jobified=0
Direct3D:
    Version:  Direct3D 11.0 [level 11.1]
    Renderer: NVIDIA GeForce RTX 3060 Laptop GPU (ID=0x2560)
    Vendor:   NVIDIA
    VRAM:     6009 MB
    Driver:   31.0.15.2698
Initialize mono
Mono path[0] = 'C:/Program Files/Unity 2021.3.16f1/Editor/Data/Managed'
Mono path[1] = 'C:/Program Files/Unity 2021.3.16f1/Editor/Data/MonoBleedingEdge/lib/mono/unityjit-win32'
Mono config path = 'C:/Program Files/Unity 2021.3.16f1/Editor/Data/MonoBleedingEdge/etc'
Using monoOptions --debugger-agent=transport=dt_socket,embedding=1,server=y,suspend=n,address=127.0.0.1:56260
Begin MonoManager ReloadAssembly
Registering precompiled unity dll's ...
Register platform support module: C:/Program Files/Unity 2021.3.16f1/Editor/Data/PlaybackEngines/WindowsStandaloneSupport/UnityEditor.WindowsStandalone.Extensions.dll
Registered in 0.002679 seconds.
Native extension for WindowsStandalone target not found
Refreshing native plugins compatible for Editor in 82.71 ms, found 3 plugins.
Preloading 0 native plugins for Editor in 0.00 ms.
Mono: successfully reloaded assembly
- Completed reload, in  0.815 seconds
Domain Reload Profiling:
	ReloadAssembly (816ms)
		BeginReloadAssembly (62ms)
			ExecutionOrderSort (0ms)
			DisableScriptedObjects (0ms)
			BackupInstance (0ms)
			ReleaseScriptingObjects (0ms)
			CreateAndSetChildDomain (1ms)
		EndReloadAssembly (564ms)
			LoadAssemblies (60ms)
			RebuildTransferFunctionScriptingTraits (0ms)
			SetupTypeCache (219ms)
			ReleaseScriptCaches (0ms)
			RebuildScriptCaches (26ms)
			SetupLoadedEditorAssemblies (272ms)
				LogAssemblyErrors (0ms)
				InitializePlatformSupportModulesInManaged (7ms)
				SetLoadedEditorAssemblies (0ms)
				RefreshPlugins (83ms)
				BeforeProcessingInitializeOnLoad (2ms)
				ProcessInitializeOnLoadAttributes (124ms)
				ProcessInitializeOnLoadMethodAttributes (56ms)
				AfterProcessingInitializeOnLoad (0ms)
				EditorAssembliesLoaded (0ms)
			ExecutionOrderSort2 (0ms)
			AwakeInstancesAfterBackupRestoration (0ms)
Platform modules already initialized, skipping
Registering precompiled user dll's ...
Registered in 0.005582 seconds.
Begin MonoManager ReloadAssembly
Symbol file LoadedFromMemory doesn't match image C:\Users\namkh\Realm Rush\Library\PackageCache\com.unity.visualscripting@1.7.8\Editor\VisualScripting.Core\Dependencies\YamlDotNet\Unity.VisualScripting.YamlDotNet.dll
Symbol file LoadedFromMemory doesn't match image C:\Users\namkh\Realm Rush\Library\PackageCache\com.unity.visualscripting@1.7.8\Editor\VisualScripting.Core\Dependencies\DotNetZip\Unity.VisualScripting.IonicZip.dll
Native extension for WindowsStandalone target not found
Refreshing native plugins compatible for Editor in 0.53 ms, found 3 plugins.
Preloading 0 native plugins for Editor in 0.00 ms.
Mono: successfully reloaded assembly
- Completed reload, in  0.919 seconds
Domain Reload Profiling:
	ReloadAssembly (920ms)
		BeginReloadAssembly (92ms)
			ExecutionOrderSort (0ms)
			DisableScriptedObjects (5ms)
			BackupInstance (0ms)
			ReleaseScriptingObjects (0ms)
			CreateAndSetChildDomain (18ms)
		EndReloadAssembly (729ms)
			LoadAssemblies (66ms)
			RebuildTransferFunctionScriptingTraits (0ms)
			SetupTypeCache (265ms)
			ReleaseScriptCaches (1ms)
			RebuildScriptCaches (40ms)
			SetupLoadedEditorAssemblies (324ms)
				LogAssemblyErrors (0ms)
				InitializePlatformSupportModulesInManaged (7ms)
				SetLoadedEditorAssemblies (0ms)
				RefreshPlugins (1ms)
				BeforeProcessingInitializeOnLoad (89ms)
				ProcessInitializeOnLoadAttributes (198ms)
				ProcessInitializeOnLoadMethodAttributes (23ms)
				AfterProcessingInitializeOnLoad (6ms)
				EditorAssembliesLoaded (0ms)
			ExecutionOrderSort2 (0ms)
			AwakeInstancesAfterBackupRestoration (6ms)
Platform modules already initialized, skipping
========================================================================
Worker process is ready to serve import requests
Launched and connected shader compiler UnityShaderCompiler.exe after 0.09 seconds
Refreshing native plugins compatible for Editor in 0.74 ms, found 3 plugins.
Preloading 0 native plugins for Editor in 0.00 ms.
Unloading 3417 Unused Serialized files (Serialized files now loaded: 0)
Unloading 27 unused Assets / (113.4 KB). Loaded Objects now: 3875.
Memory consumption went from 119.6 MB to 119.5 MB.
Total: 3.319100 ms (FindLiveObjects: 0.274600 ms CreateObjectMapping: 0.195000 ms MarkObjects: 2.746100 ms  DeleteObjects: 0.101400 ms)

AssetImportParameters requested are different than current active one (requested -> active):
  custom:video-decoder-ogg-theora: a1e56fd34408186e4bbccfd4996cb3dc -> 
  custom:container-muxer-webm: aa71ff27fc2769a1b78a27578f13a17b -> 
  custom:container-demuxer-webm: 4f35f7cbe854078d1ac9338744f61a02 -> 
  custom:video-encoder-webm-vp8: eb34c28f22e8b96e1ab97ce403110664 -> 
  custom:video-codec-MediaFoundation-h265: 746d11721c4dcdbdad8f713fa42b33f4 -> 
  custom:audio-encoder-webm-vorbis: bf7c407c2cedff20999df2af8eb42d56 -> 
  custom:framework-win-MediaFoundation: 216162199b28c13a410421893ffa2e32 -> 
  custom:container-demuxer-ogg: 62fdf1f143b41e24485cea50d1cbac27 -> 
  custom:video-decoder-webm-vp8: 9c59270c3fd7afecdb556c50c9e8de78 -> 
  custom:audio-decoder-ogg-vorbis: bf7c407c2cedff20999df2af8eb42d56 -> 
========================================================================
Received Import Request.
  Time since last request: 323879.716954 seconds.
  path: Assets/Tiles/Tree_Group.prefab
  artifactKey: Guid(17b32221ef1815941bc5c8b88f542d90) Importer(815301076,1909f56bfc062723c751e8b465ee728b)
Start importing Assets/Tiles/Tree_Group.prefab using Guid(17b32221ef1815941bc5c8b88f542d90) Importer(815301076,1909f56bfc062723c751e8b465ee728b)  -> (artifact id: '13f7caea5c8067a532966e979be50682') in 0.116687 seconds 
========================================================================
Received Import Request.
  Time since last request: 5.906616 seconds.
  path: Assets/Tiles/Tree_Large.prefab
  artifactKey: Guid(17d371542ba3aa047969d0f38eb5f26e) Importer(815301076,1909f56bfc062723c751e8b465ee728b)
Start importing Assets/Tiles/Tree_Large.prefab using Guid(17d371542ba3aa047969d0f38eb5f26e) Importer(815301076,1909f56bfc062723c751e8b465ee728b)  -> (artifact id: '526821b356078c632ccabf2338659cbc') in 0.013326 seconds 
========================================================================
Received Import Request.
  Time since last request: 558.557076 seconds.
  path: Assets/Tiles/Tile.prefab
  artifactKey: Guid(4bd272440b7e4a842a2da57c5c0ac1f1) Importer(815301076,1909f56bfc062723c751e8b465ee728b)
Start importing Assets/Tiles/Tile.prefab using Guid(4bd272440b7e4a842a2da57c5c0ac1f1) Importer(815301076,1909f56bfc062723c751e8b465ee728b)  -> (artifact id: 'a5d15cb188f4774b6a2e6e70441d4ebf') in 0.053048 seconds 
========================================================================
Received Import Request.
  Time since last request: 14.368560 seconds.
  path: Assets/Tiles/New Prefab.prefab
  artifactKey: Guid(e969214632f4ec64c9b4901199b0f4b5) Importer(815301076,1909f56bfc062723c751e8b465ee728b)
Start importing Assets/Tiles/New Prefab.prefab using Guid(e969214632f4ec64c9b4901199b0f4b5) Importer(815301076,1909f56bfc062723c751e8b465ee728b)  -> (artifact id: '6b171f5f41eafbc8e4d22adafa489906') in 0.008022 seconds 
========================================================================
Received Import Request.
  Time since last request: 31.071921 seconds.
  path: Assets/Tiles/Shore_3.prefab
  artifactKey: Guid(ea2e5d5115cd3e1459c6f8b17e184582) Importer(815301076,1909f56bfc062723c751e8b465ee728b)
Start importing Assets/Tiles/Shore_3.prefab using Guid(ea2e5d5115cd3e1459c6f8b17e184582) Importer(815301076,1909f56bfc062723c751e8b465ee728b)  -> (artifact id: 'a03004c3296d262e12102db8ff033269') in 0.012391 seconds 
========================================================================
Received Import Request.
  Time since last request: 11.898445 seconds.
  path: Assets/Tiles/Tile_ShoreIn.prefab
  artifactKey: Guid(ea2e5d5115cd3e1459c6f8b17e184582) Importer(815301076,1909f56bfc062723c751e8b465ee728b)
Start importing Assets/Tiles/Tile_ShoreIn.prefab using Guid(ea2e5d5115cd3e1459c6f8b17e184582) Importer(815301076,1909f56bfc062723c751e8b465ee728b)  -> (artifact id: '0a01cb771068dc2cb5ca664e91042b41') in 0.015065 seconds 
========================================================================
Received Import Request.
  Time since last request: 18.472999 seconds.
  path: Assets/Tiles/Tile_ShoreIn_90.prefab
  artifactKey: Guid(17af3a4877b032b49a6a7f4d8684f1a8) Importer(815301076,1909f56bfc062723c751e8b465ee728b)
Start importing Assets/Tiles/Tile_ShoreIn_90.prefab using Guid(17af3a4877b032b49a6a7f4d8684f1a8) Importer(815301076,1909f56bfc062723c751e8b465ee728b)  -> (artifact id: '12b6203e29a62bb077005d6555715bd8') in 0.014333 seconds 
========================================================================
Received Import Request.
  Time since last request: 4.112660 seconds.
  path: Assets/Tiles/Tile_ShoreIn_90.prefab
  artifactKey: Guid(17af3a4877b032b49a6a7f4d8684f1a8) Importer(815301076,1909f56bfc062723c751e8b465ee728b)
Start importing Assets/Tiles/Tile_ShoreIn_90.prefab using Guid(17af3a4877b032b49a6a7f4d8684f1a8) Importer(815301076,1909f56bfc062723c751e8b465ee728b)  -> (artifact id: '4389a41292c3d46beb24e21d22e17a96') in 0.008521 seconds 
========================================================================
Received Import Request.
  Time since last request: 19.987036 seconds.
  path: Assets/Tiles/Tile_ShoreIn_180.prefab
  artifactKey: Guid(6ff80333ba332ce4488c69616d497295) Importer(815301076,1909f56bfc062723c751e8b465ee728b)
Start importing Assets/Tiles/Tile_ShoreIn_180.prefab using Guid(6ff80333ba332ce4488c69616d497295) Importer(815301076,1909f56bfc062723c751e8b465ee728b)  -> (artifact id: 'e2a98f9b188da8d9638618a59fd26a52') in 0.013358 seconds 
========================================================================
Received Import Request.
  Time since last request: 5.803400 seconds.
  path: Assets/Tiles/Tile_ShoreIn_180.prefab
  artifactKey: Guid(6ff80333ba332ce4488c69616d497295) Importer(815301076,1909f56bfc062723c751e8b465ee728b)
Start importing Assets/Tiles/Tile_ShoreIn_180.prefab using Guid(6ff80333ba332ce4488c69616d497295) Importer(815301076,1909f56bfc062723c751e8b465ee728b)  -> (artifact id: '93ebfd3c93f3cf876a8871a3983bdce6') in 0.008863 seconds 
========================================================================
Received Import Request.
  Time since last request: 11.690267 seconds.
  path: Assets/Tiles/Tile_ShoreIn_270.prefab
  artifactKey: Guid(3a208dc72dc8a8047bc2c6162386bec1) Importer(815301076,1909f56bfc062723c751e8b465ee728b)
Start importing Assets/Tiles/Tile_ShoreIn_270.prefab using Guid(3a208dc72dc8a8047bc2c6162386bec1) Importer(815301076,1909f56bfc062723c751e8b465ee728b)  -> (artifact id: '0d7c4039a8ffd0453c7575991c3de478') in 0.013424 seconds 
========================================================================
Received Import Request.
  Time since last request: 31.031403 seconds.
  path: Assets/Tiles/Shore_2.prefab
  artifactKey: Guid(2cd62e7a711af63449e54720001a7ac2) Importer(815301076,1909f56bfc062723c751e8b465ee728b)
Start importing Assets/Tiles/Shore_2.prefab using Guid(2cd62e7a711af63449e54720001a7ac2) Importer(815301076,1909f56bfc062723c751e8b465ee728b)  -> (artifact id: '75c4d0ad8960239edef95cbab071d1f0') in 0.009179 seconds 
========================================================================
Received Import Request.
  Time since last request: 11.298876 seconds.
  path: Assets/Tiles/Tile_ShoreStraight.prefab
  artifactKey: Guid(2cd62e7a711af63449e54720001a7ac2) Importer(815301076,1909f56bfc062723c751e8b465ee728b)
Start importing Assets/Tiles/Tile_ShoreStraight.prefab using Guid(2cd62e7a711af63449e54720001a7ac2) Importer(815301076,1909f56bfc062723c751e8b465ee728b)  -> (artifact id: '769c43b3319bf3bd35e46fe4cca95287') in 0.010183 seconds 
========================================================================
Received Import Request.
  Time since last request: 10.220795 seconds.
  path: Assets/Tiles/Tile_ShoreStraight_90.prefab
  artifactKey: Guid(6fd2a2b1a27ec7143a0779b5e5b560d9) Importer(815301076,1909f56bfc062723c751e8b465ee728b)
Start importing Assets/Tiles/Tile_ShoreStraight_90.prefab using Guid(6fd2a2b1a27ec7143a0779b5e5b560d9) Importer(815301076,1909f56bfc062723c751e8b465ee728b)  -> (artifact id: '701d532d2f6b28dad606d2e9468e1152') in 0.010977 seconds 
========================================================================
Received Import Request.
  Time since last request: 16.736687 seconds.
  path: Assets/Tiles/Tile_ShoreStraight_180.prefab
  artifactKey: Guid(6dc8cfc2d7f01774090314aaf5d712de) Importer(815301076,1909f56bfc062723c751e8b465ee728b)
Start importing Assets/Tiles/Tile_ShoreStraight_180.prefab using Guid(6dc8cfc2d7f01774090314aaf5d712de) Importer(815301076,1909f56bfc062723c751e8b465ee728b)  -> (artifact id: 'adb67e19e4de3181adaf6c1df2efb084') in 0.012524 seconds 
========================================================================
Received Import Request.
  Time since last request: 7.371766 seconds.
  path: Assets/Tiles/Tile_ShoreStraight_90.prefab
  artifactKey: Guid(6fd2a2b1a27ec7143a0779b5e5b560d9) Importer(815301076,1909f56bfc062723c751e8b465ee728b)
Start importing Assets/Tiles/Tile_ShoreStraight_90.prefab using Guid(6fd2a2b1a27ec7143a0779b5e5b560d9) Importer(815301076,1909f56bfc062723c751e8b465ee728b)  -> (artifact id: '7a1a9f4911a02a82cd2928b7adfa2f76') in 0.008708 seconds 
========================================================================
Received Import Request.
  Time since last request: 1.072353 seconds.
  path: Assets/Tiles/Tile_ShoreStraight_180.prefab
  artifactKey: Guid(6dc8cfc2d7f01774090314aaf5d712de) Importer(815301076,1909f56bfc062723c751e8b465ee728b)
Start importing Assets/Tiles/Tile_ShoreStraight_180.prefab using Guid(6dc8cfc2d7f01774090314aaf5d712de) Importer(815301076,1909f56bfc062723c751e8b465ee728b)  -> (artifact id: '02281cfb79e8e8e71ae57f4f72c0acde') in 0.007813 seconds 
========================================================================
Received Import Request.
  Time since last request: 14.140570 seconds.
  path: Assets/Tiles/Tile_ShoreStraight_270.prefab
  artifactKey: Guid(1a6f965f05128094da850c4f6075362c) Importer(815301076,1909f56bfc062723c751e8b465ee728b)
Start importing Assets/Tiles/Tile_ShoreStraight_270.prefab using Guid(1a6f965f05128094da850c4f6075362c) Importer(815301076,1909f56bfc062723c751e8b465ee728b)  -> (artifact id: '6fc4ebddd5e279f9a0f6a2a133f42b2e') in 0.011286 seconds 
========================================================================
Received Import Request.
  Time since last request: 14.259248 seconds.
  path: Assets/Scenes
  artifactKey: Guid(6ea315d0fd7389c41b19996891e99ae3) Importer(815301076,1909f56bfc062723c751e8b465ee728b)
Start importing Assets/Scenes using Guid(6ea315d0fd7389c41b19996891e99ae3) Importer(815301076,1909f56bfc062723c751e8b465ee728b)  -> (artifact id: 'b8193726cff86800c54781cdc6d54904') in 0.005645 seconds 
========================================================================
Received Import Request.
  Time since last request: 0.888605 seconds.
  path: Assets/Tiles/Shore_1.prefab
  artifactKey: Guid(d0d5992ca4be3844f985bc4171c45f34) Importer(815301076,1909f56bfc062723c751e8b465ee728b)
Start importing Assets/Tiles/Shore_1.prefab using Guid(d0d5992ca4be3844f985bc4171c45f34) Importer(815301076,1909f56bfc062723c751e8b465ee728b)  -> (artifact id: 'cd3521cc069519badf009e8d59e51cd4') in 0.011616 seconds 
========================================================================
Received Import Request.
  Time since last request: 6.678845 seconds.
  path: Assets/Tiles/Tile_ShoreOut.prefab
  artifactKey: Guid(d0d5992ca4be3844f985bc4171c45f34) Importer(815301076,1909f56bfc062723c751e8b465ee728b)
Start importing Assets/Tiles/Tile_ShoreOut.prefab using Guid(d0d5992ca4be3844f985bc4171c45f34) Importer(815301076,1909f56bfc062723c751e8b465ee728b)  -> (artifact id: '2ea3025cb7f6332c888bd1bdb1984505') in 0.011179 seconds 
========================================================================
Received Import Request.
  Time since last request: 6.830126 seconds.
  path: Assets/Tiles/Tile_ShoreOut_90.prefab
  artifactKey: Guid(f5c446b694abcfc419159477d3e94760) Importer(815301076,1909f56bfc062723c751e8b465ee728b)
Start importing Assets/Tiles/Tile_ShoreOut_90.prefab using Guid(f5c446b694abcfc419159477d3e94760) Importer(815301076,1909f56bfc062723c751e8b465ee728b)  -> (artifact id: '967b6eff968978183cefe464125c6dbb') in 0.012488 seconds 
========================================================================
Received Import Request.
  Time since last request: 6.622826 seconds.
  path: Assets/Tiles/Tile_ShoreOut_90.prefab
  artifactKey: Guid(f5c446b694abcfc419159477d3e94760) Importer(815301076,1909f56bfc062723c751e8b465ee728b)
Start importing Assets/Tiles/Tile_ShoreOut_90.prefab using Guid(f5c446b694abcfc419159477d3e94760) Importer(815301076,1909f56bfc062723c751e8b465ee728b)  -> (artifact id: '2e25fe91499b6c459f154ff982ce878c') in 0.007169 seconds 
========================================================================
Received Import Request.
  Time since last request: 11.507943 seconds.
  path: Assets/Tiles/Tile_ShoreOut_180.prefab
  artifactKey: Guid(39f2ce71e8571214f8bb0405c838710b) Importer(815301076,1909f56bfc062723c751e8b465ee728b)
Start importing Assets/Tiles/Tile_ShoreOut_180.prefab using Guid(39f2ce71e8571214f8bb0405c838710b) Importer(815301076,1909f56bfc062723c751e8b465ee728b)  -> (artifact id: 'ac592961ef56c35845c7f2fcc331b0ce') in 0.010744 seconds 
========================================================================
Received Import Request.
  Time since last request: 15.019379 seconds.
  path: Assets/Tiles/Tile_ShoreOut_270.prefab
  artifactKey: Guid(c578300645acda94eb4b01c47c0473e3) Importer(815301076,1909f56bfc062723c751e8b465ee728b)
Start importing Assets/Tiles/Tile_ShoreOut_270.prefab using Guid(c578300645acda94eb4b01c47c0473e3) Importer(815301076,1909f56bfc062723c751e8b465ee728b)  -> (artifact id: 'f1692e2170d5e41493603c0382307a83') in 0.009928 seconds 
========================================================================
Received Import Request.
  Time since last request: 0.044614 seconds.
  path: Assets/Tiles/Tile_ShoreOut_180.prefab
  artifactKey: Guid(39f2ce71e8571214f8bb0405c838710b) Importer(815301076,1909f56bfc062723c751e8b465ee728b)
Start importing Assets/Tiles/Tile_ShoreOut_180.prefab using Guid(39f2ce71e8571214f8bb0405c838710b) Importer(815301076,1909f56bfc062723c751e8b465ee728b)  -> (artifact id: 'cbef696a5580eacfb9b9474d4365b594') in 0.006840 seconds 
========================================================================
Received Import Request.
  Time since last request: 226.541470 seconds.
  path: Assets/Tiles/Tile_ShoreStraight_270.prefab
  artifactKey: Guid(1a6f965f05128094da850c4f6075362c) Importer(815301076,1909f56bfc062723c751e8b465ee728b)
Start importing Assets/Tiles/Tile_ShoreStraight_270.prefab using Guid(1a6f965f05128094da850c4f6075362c) Importer(815301076,1909f56bfc062723c751e8b465ee728b)  -> (artifact id: '517e33ac8f36a8c673adf3af2bbfaefd') in 0.010347 seconds 
========================================================================
Received Import Request.
  Time since last request: 582.593962 seconds.
  path: Assets/Tiles/CoordinateLabeler.cs
  artifactKey: Guid(aa86ce598749efb49926d5211fbd1529) Importer(815301076,1909f56bfc062723c751e8b465ee728b)
Start importing Assets/Tiles/CoordinateLabeler.cs using Guid(aa86ce598749efb49926d5211fbd1529) Importer(815301076,1909f56bfc062723c751e8b465ee728b)  -> (artifact id: 'ccef5717271407dc39486232dae5a5a8') in 0.008859 seconds 
========================================================================
Received Import Request.
  Time since last request: 9.919028 seconds.
  path: Assets/Environment
  artifactKey: Guid(094a2a240c9bbf841a3674ab551f7961) Importer(815301076,1909f56bfc062723c751e8b465ee728b)
Start importing Assets/Environment using Guid(094a2a240c9bbf841a3674ab551f7961) Importer(815301076,1909f56bfc062723c751e8b465ee728b)  -> (artifact id: '7cc2b4d6a923d77b75a00b6207382c3f') in 0.005962 seconds 
========================================================================
Received Prepare
Registering precompiled user dll's ...
Registered in 0.004394 seconds.
Begin MonoManager ReloadAssembly
Symbol file LoadedFromMemory doesn't match image C:\Users\namkh\Realm Rush\Library\PackageCache\com.unity.visualscripting@1.7.8\Editor\VisualScripting.Core\Dependencies\YamlDotNet\Unity.VisualScripting.YamlDotNet.dll
Symbol file LoadedFromMemory doesn't match image C:\Users\namkh\Realm Rush\Library\PackageCache\com.unity.visualscripting@1.7.8\Editor\VisualScripting.Core\Dependencies\DotNetZip\Unity.VisualScripting.IonicZip.dll
Native extension for WindowsStandalone target not found
Refreshing native plugins compatible for Editor in 0.69 ms, found 3 plugins.
Preloading 0 native plugins for Editor in 0.00 ms.
Mono: successfully reloaded assembly
- Completed reload, in  0.973 seconds
Domain Reload Profiling:
	ReloadAssembly (974ms)
		BeginReloadAssembly (187ms)
			ExecutionOrderSort (0ms)
			DisableScriptedObjects (7ms)
			BackupInstance (0ms)
			ReleaseScriptingObjects (0ms)
			CreateAndSetChildDomain (82ms)
		EndReloadAssembly (693ms)
			LoadAssemblies (80ms)
			RebuildTransferFunctionScriptingTraits (0ms)
			SetupTypeCache (268ms)
			ReleaseScriptCaches (2ms)
			RebuildScriptCaches (36ms)
			SetupLoadedEditorAssemblies (271ms)
				LogAssemblyErrors (0ms)
				InitializePlatformSupportModulesInManaged (10ms)
				SetLoadedEditorAssemblies (0ms)
				RefreshPlugins (1ms)
				BeforeProcessingInitializeOnLoad (61ms)
				ProcessInitializeOnLoadAttributes (172ms)
				ProcessInitializeOnLoadMethodAttributes (20ms)
				AfterProcessingInitializeOnLoad (6ms)
				EditorAssembliesLoaded (0ms)
			ExecutionOrderSort2 (0ms)
			AwakeInstancesAfterBackupRestoration (5ms)
Platform modules already initialized, skipping
Refreshing native plugins compatible for Editor in 1.71 ms, found 3 plugins.
Preloading 0 native plugins for Editor in 0.00 ms.
Unloading 3399 Unused Serialized files (Serialized files now loaded: 0)
Unloading 20 unused Assets / (80.0 KB). Loaded Objects now: 3887.
Memory consumption went from 122.8 MB to 122.8 MB.
Total: 3.563800 ms (FindLiveObjects: 0.197200 ms CreateObjectMapping: 0.129300 ms MarkObjects: 3.157700 ms  DeleteObjects: 0.078500 ms)

AssetImportParameters requested are different than current active one (requested -> active):
  custom:video-decoder-ogg-theora: a1e56fd34408186e4bbccfd4996cb3dc -> 
  custom:container-muxer-webm: aa71ff27fc2769a1b78a27578f13a17b -> 
  custom:container-demuxer-webm: 4f35f7cbe854078d1ac9338744f61a02 -> 
  custom:video-encoder-webm-vp8: eb34c28f22e8b96e1ab97ce403110664 -> 
  custom:video-codec-MediaFoundation-h265: 746d11721c4dcdbdad8f713fa42b33f4 -> 
  custom:audio-encoder-webm-vorbis: bf7c407c2cedff20999df2af8eb42d56 -> 
  custom:framework-win-MediaFoundation: 216162199b28c13a410421893ffa2e32 -> 
  custom:container-demuxer-ogg: 62fdf1f143b41e24485cea50d1cbac27 -> 
  custom:video-decoder-webm-vp8: 9c59270c3fd7afecdb556c50c9e8de78 -> 
  custom:audio-decoder-ogg-vorbis: bf7c407c2cedff20999df2af8eb42d56 -> 
========================================================================
Received Import Request.
  Time since last request: 15.676536 seconds.
  path: Assets/Environment/Tile_land
  artifactKey: Guid(88a95e46e5fff3f478e8f9674b22cd14) Importer(815301076,1909f56bfc062723c751e8b465ee728b)
Start importing Assets/Environment/Tile_land using Guid(88a95e46e5fff3f478e8f9674b22cd14) Importer(815301076,1909f56bfc062723c751e8b465ee728b)  -> (artifact id: '0d6ecdf435c15869847fd81bd7345968') in 0.010795 seconds 
========================================================================
Received Import Request.
  Time since last request: 7.266401 seconds.
  path: Assets/Environment/Tiles_Land
  artifactKey: Guid(88a95e46e5fff3f478e8f9674b22cd14) Importer(815301076,1909f56bfc062723c751e8b465ee728b)
Start importing Assets/Environment/Tiles_Land using Guid(88a95e46e5fff3f478e8f9674b22cd14) Importer(815301076,1909f56bfc062723c751e8b465ee728b)  -> (artifact id: '3bc884bf03a8c4d7b4d67aa0c0bfe3bb') in 0.005233 seconds 
========================================================================
Received Import Request.
  Time since last request: 0.067223 seconds.
  path: Assets/Environment/Tile_RoadConner.prefab
  artifactKey: Guid(f43c94f061bc89b42aeed1604f81da1c) Importer(815301076,1909f56bfc062723c751e8b465ee728b)
Start importing Assets/Environment/Tile_RoadConner.prefab using Guid(f43c94f061bc89b42aeed1604f81da1c) Importer(815301076,1909f56bfc062723c751e8b465ee728b)  -> (artifact id: '5509359cda9e408fe915b9052c5be639') in 0.096689 seconds 
========================================================================
Received Import Request.
  Time since last request: 17.825692 seconds.
  path: Assets/Environment/Tiles_Water
  artifactKey: Guid(92247513bc7a67944b8dc973cec0d0b4) Importer(815301076,1909f56bfc062723c751e8b465ee728b)
Start importing Assets/Environment/Tiles_Water using Guid(92247513bc7a67944b8dc973cec0d0b4) Importer(815301076,1909f56bfc062723c751e8b465ee728b)  -> (artifact id: '469bd0cd15a03eb4dcd3375e9268f4b0') in 0.005860 seconds 
========================================================================
Received Import Request.
  Time since last request: 10.905791 seconds.
  path: Assets/Environment/Trees
  artifactKey: Guid(d0e9e384454047743874533ba7c4ff13) Importer(815301076,1909f56bfc062723c751e8b465ee728b)
Start importing Assets/Environment/Trees using Guid(d0e9e384454047743874533ba7c4ff13) Importer(815301076,1909f56bfc062723c751e8b465ee728b)  -> (artifact id: '6a7ae9f20cc00d0bf4a7eaba21f9a417') in 0.005546 seconds 
========================================================================
Received Import Request.
  Time since last request: 24.964985 seconds.
  path: Assets/Tower/Ballista.prefab
  artifactKey: Guid(8a965e088bae16643aab3d07ccfd5e2e) Importer(815301076,1909f56bfc062723c751e8b465ee728b)
Start importing Assets/Tower/Ballista.prefab using Guid(8a965e088bae16643aab3d07ccfd5e2e) Importer(815301076,1909f56bfc062723c751e8b465ee728b)  -> (artifact id: 'c99f4d667b6d0119fd93977d30d291d0') in 0.010348 seconds 
========================================================================
Received Prepare
Registering precompiled user dll's ...
Registered in 0.004535 seconds.
Begin MonoManager ReloadAssembly
Symbol file LoadedFromMemory doesn't match image C:\Users\namkh\Realm Rush\Library\PackageCache\com.unity.visualscripting@1.7.8\Editor\VisualScripting.Core\Dependencies\YamlDotNet\Unity.VisualScripting.YamlDotNet.dll
Symbol file LoadedFromMemory doesn't match image C:\Users\namkh\Realm Rush\Library\PackageCache\com.unity.visualscripting@1.7.8\Editor\VisualScripting.Core\Dependencies\DotNetZip\Unity.VisualScripting.IonicZip.dll
Native extension for WindowsStandalone target not found
Refreshing native plugins compatible for Editor in 0.76 ms, found 3 plugins.
Preloading 0 native plugins for Editor in 0.00 ms.
Mono: successfully reloaded assembly
- Completed reload, in  0.868 seconds
Domain Reload Profiling:
	ReloadAssembly (869ms)
		BeginReloadAssembly (122ms)
			ExecutionOrderSort (0ms)
			DisableScriptedObjects (4ms)
			BackupInstance (0ms)
			ReleaseScriptingObjects (0ms)
			CreateAndSetChildDomain (37ms)
		EndReloadAssembly (667ms)
			LoadAssemblies (71ms)
			RebuildTransferFunctionScriptingTraits (0ms)
			SetupTypeCache (235ms)
			ReleaseScriptCaches (1ms)
			RebuildScriptCaches (38ms)
			SetupLoadedEditorAssemblies (280ms)
				LogAssemblyErrors (0ms)
				InitializePlatformSupportModulesInManaged (10ms)
				SetLoadedEditorAssemblies (0ms)
				RefreshPlugins (1ms)
				BeforeProcessingInitializeOnLoad (60ms)
				ProcessInitializeOnLoadAttributes (183ms)
				ProcessInitializeOnLoadMethodAttributes (20ms)
				AfterProcessingInitializeOnLoad (5ms)
				EditorAssembliesLoaded (0ms)
			ExecutionOrderSort2 (0ms)
			AwakeInstancesAfterBackupRestoration (5ms)
Platform modules already initialized, skipping
Refreshing native plugins compatible for Editor in 1.81 ms, found 3 plugins.
Preloading 0 native plugins for Editor in 0.00 ms.
Unloading 3399 Unused Serialized files (Serialized files now loaded: 0)
Unloading 20 unused Assets / (80.0 KB). Loaded Objects now: 3890.
Memory consumption went from 122.9 MB to 122.8 MB.
Total: 2.646400 ms (FindLiveObjects: 0.220700 ms CreateObjectMapping: 0.084500 ms MarkObjects: 2.251100 ms  DeleteObjects: 0.089000 ms)

AssetImportParameters requested are different than current active one (requested -> active):
  custom:video-decoder-ogg-theora: a1e56fd34408186e4bbccfd4996cb3dc -> 
  custom:container-muxer-webm: aa71ff27fc2769a1b78a27578f13a17b -> 
  custom:container-demuxer-webm: 4f35f7cbe854078d1ac9338744f61a02 -> 
  custom:video-encoder-webm-vp8: eb34c28f22e8b96e1ab97ce403110664 -> 
  custom:video-codec-MediaFoundation-h265: 746d11721c4dcdbdad8f713fa42b33f4 -> 
  custom:audio-encoder-webm-vorbis: bf7c407c2cedff20999df2af8eb42d56 -> 
  custom:framework-win-MediaFoundation: 216162199b28c13a410421893ffa2e32 -> 
  custom:container-demuxer-ogg: 62fdf1f143b41e24485cea50d1cbac27 -> 
  custom:video-decoder-webm-vp8: 9c59270c3fd7afecdb556c50c9e8de78 -> 
  custom:audio-decoder-ogg-vorbis: bf7c407c2cedff20999df2af8eb42d56 -> 
========================================================================
Received Prepare
Registering precompiled user dll's ...
Registered in 0.004056 seconds.
Begin MonoManager ReloadAssembly
Symbol file LoadedFromMemory doesn't match image C:\Users\namkh\Realm Rush\Library\PackageCache\com.unity.visualscripting@1.7.8\Editor\VisualScripting.Core\Dependencies\YamlDotNet\Unity.VisualScripting.YamlDotNet.dll
Symbol file LoadedFromMemory doesn't match image C:\Users\namkh\Realm Rush\Library\PackageCache\com.unity.visualscripting@1.7.8\Editor\VisualScripting.Core\Dependencies\DotNetZip\Unity.VisualScripting.IonicZip.dll
Native extension for WindowsStandalone target not found
Refreshing native plugins compatible for Editor in 0.71 ms, found 3 plugins.
Preloading 0 native plugins for Editor in 0.00 ms.
Mono: successfully reloaded assembly
- Completed reload, in  0.795 seconds
Domain Reload Profiling:
	ReloadAssembly (795ms)
		BeginReloadAssembly (113ms)
			ExecutionOrderSort (0ms)
			DisableScriptedObjects (4ms)
			BackupInstance (0ms)
			ReleaseScriptingObjects (0ms)
			CreateAndSetChildDomain (35ms)
		EndReloadAssembly (606ms)
			LoadAssemblies (66ms)
			RebuildTransferFunctionScriptingTraits (0ms)
			SetupTypeCache (198ms)
			ReleaseScriptCaches (1ms)
			RebuildScriptCaches (32ms)
			SetupLoadedEditorAssemblies (271ms)
				LogAssemblyErrors (0ms)
				InitializePlatformSupportModulesInManaged (10ms)
				SetLoadedEditorAssemblies (0ms)
				RefreshPlugins (1ms)
				BeforeProcessingInitializeOnLoad (56ms)
				ProcessInitializeOnLoadAttributes (177ms)
				ProcessInitializeOnLoadMethodAttributes (22ms)
				AfterProcessingInitializeOnLoad (5ms)
				EditorAssembliesLoaded (0ms)
			ExecutionOrderSort2 (0ms)
			AwakeInstancesAfterBackupRestoration (5ms)
Platform modules already initialized, skipping
Refreshing native plugins compatible for Editor in 2.01 ms, found 3 plugins.
Preloading 0 native plugins for Editor in 0.00 ms.
Unloading 3399 Unused Serialized files (Serialized files now loaded: 0)
Unloading 20 unused Assets / (80.0 KB). Loaded Objects now: 3893.
Memory consumption went from 122.9 MB to 122.8 MB.
Total: 2.850000 ms (FindLiveObjects: 0.245900 ms CreateObjectMapping: 0.075500 ms MarkObjects: 2.437200 ms  DeleteObjects: 0.090200 ms)

AssetImportParameters requested are different than current active one (requested -> active):
  custom:video-decoder-ogg-theora: a1e56fd34408186e4bbccfd4996cb3dc -> 
  custom:container-muxer-webm: aa71ff27fc2769a1b78a27578f13a17b -> 
  custom:container-demuxer-webm: 4f35f7cbe854078d1ac9338744f61a02 -> 
  custom:video-encoder-webm-vp8: eb34c28f22e8b96e1ab97ce403110664 -> 
  custom:video-codec-MediaFoundation-h265: 746d11721c4dcdbdad8f713fa42b33f4 -> 
  custom:audio-encoder-webm-vorbis: bf7c407c2cedff20999df2af8eb42d56 -> 
  custom:framework-win-MediaFoundation: 216162199b28c13a410421893ffa2e32 -> 
  custom:container-demuxer-ogg: 62fdf1f143b41e24485cea50d1cbac27 -> 
  custom:video-decoder-webm-vp8: 9c59270c3fd7afecdb556c50c9e8de78 -> 
  custom:audio-decoder-ogg-vorbis: bf7c407c2cedff20999df2af8eb42d56 -> 
========================================================================
Received Prepare
Registering precompiled user dll's ...
Registered in 0.004079 seconds.
Begin MonoManager ReloadAssembly
Symbol file LoadedFromMemory doesn't match image C:\Users\namkh\Realm Rush\Library\PackageCache\com.unity.visualscripting@1.7.8\Editor\VisualScripting.Core\Dependencies\YamlDotNet\Unity.VisualScripting.YamlDotNet.dll
Symbol file LoadedFromMemory doesn't match image C:\Users\namkh\Realm Rush\Library\PackageCache\com.unity.visualscripting@1.7.8\Editor\VisualScripting.Core\Dependencies\DotNetZip\Unity.VisualScripting.IonicZip.dll
Native extension for WindowsStandalone target not found
Refreshing native plugins compatible for Editor in 0.67 ms, found 3 plugins.
Preloading 0 native plugins for Editor in 0.00 ms.
Mono: successfully reloaded assembly
- Completed reload, in  0.797 seconds
Domain Reload Profiling:
	ReloadAssembly (797ms)
		BeginReloadAssembly (112ms)
			ExecutionOrderSort (0ms)
			DisableScriptedObjects (5ms)
			BackupInstance (0ms)
			ReleaseScriptingObjects (0ms)
			CreateAndSetChildDomain (35ms)
		EndReloadAssembly (609ms)
			LoadAssemblies (61ms)
			RebuildTransferFunctionScriptingTraits (0ms)
			SetupTypeCache (205ms)
			ReleaseScriptCaches (1ms)
			RebuildScriptCaches (34ms)
			SetupLoadedEditorAssemblies (270ms)
				LogAssemblyErrors (0ms)
				InitializePlatformSupportModulesInManaged (10ms)
				SetLoadedEditorAssemblies (0ms)
				RefreshPlugins (1ms)
				BeforeProcessingInitializeOnLoad (54ms)
				ProcessInitializeOnLoadAttributes (175ms)
				ProcessInitializeOnLoadMethodAttributes (25ms)
				AfterProcessingInitializeOnLoad (5ms)
				EditorAssembliesLoaded (0ms)
			ExecutionOrderSort2 (0ms)
			AwakeInstancesAfterBackupRestoration (5ms)
Platform modules already initialized, skipping
Refreshing native plugins compatible for Editor in 1.84 ms, found 3 plugins.
Preloading 0 native plugins for Editor in 0.00 ms.
Unloading 3399 Unused Serialized files (Serialized files now loaded: 0)
Unloading 20 unused Assets / (80.1 KB). Loaded Objects now: 3896.
Memory consumption went from 122.9 MB to 122.8 MB.
Total: 2.611100 ms (FindLiveObjects: 0.221900 ms CreateObjectMapping: 0.075200 ms MarkObjects: 2.226800 ms  DeleteObjects: 0.086500 ms)

AssetImportParameters requested are different than current active one (requested -> active):
  custom:video-decoder-ogg-theora: a1e56fd34408186e4bbccfd4996cb3dc -> 
  custom:container-muxer-webm: aa71ff27fc2769a1b78a27578f13a17b -> 
  custom:container-demuxer-webm: 4f35f7cbe854078d1ac9338744f61a02 -> 
  custom:video-encoder-webm-vp8: eb34c28f22e8b96e1ab97ce403110664 -> 
  custom:video-codec-MediaFoundation-h265: 746d11721c4dcdbdad8f713fa42b33f4 -> 
  custom:audio-encoder-webm-vorbis: bf7c407c2cedff20999df2af8eb42d56 -> 
  custom:framework-win-MediaFoundation: 216162199b28c13a410421893ffa2e32 -> 
  custom:container-demuxer-ogg: 62fdf1f143b41e24485cea50d1cbac27 -> 
  custom:video-decoder-webm-vp8: 9c59270c3fd7afecdb556c50c9e8de78 -> 
  custom:audio-decoder-ogg-vorbis: bf7c407c2cedff20999df2af8eb42d56 -> 
========================================================================
Received Import Request.
  Time since last request: 462.320748 seconds.
  path: Assets/FetteNationalFraktur.ttf
  artifactKey: Guid(7d6eb4b9a2d5199488985d0f398ae7ce) Importer(815301076,1909f56bfc062723c751e8b465ee728b)
Start importing Assets/FetteNationalFraktur.ttf using Guid(7d6eb4b9a2d5199488985d0f398ae7ce) Importer(815301076,1909f56bfc062723c751e8b465ee728b)  -> (artifact id: '6b8dbb7892cf430ffaf6c0dfd74ddf94') in 0.102949 seconds 
